Error while executing topic command : Timed out waiting for a node assignment. Call: createTopics
Error while executing topic command : Timed out waiting for a node assignment. Call: createTopics
Error while executing topic command : Timed out waiting for a node assignment. Call: createTopics
Error while executing topic command : Timed out waiting for a node assignment. Call: createTopics
Error while executing topic command : Timed out waiting for a node assignment. Call: createTopics
Created topic deposit-event.
Created topic settlement-event.
Created topic order-event.
Created topic payment-event.
Created topic product-event.
Created topic deposit-event.
Created topic settlement-event.
Created topic order-event.
Created topic payment-event.
Created topic product-event.
Created topic deposit-event.
Created topic settlement-event.
Created topic order-event.
Created topic payment-event.
Created topic product-event.
Created topic deposit-event.
Created topic settlement-event.
Created topic order-event.
Created topic payment-event.
Created topic product-event.
